<?xml version="1.0" encoding="UTF-8"?>
<testng-results ignored="0" total="1" passed="1" failed="0" skipped="0">
  <reporter-output>
  </reporter-output>
  <suite started-at="2022-07-18T09:50:09Z" name="Utilities.TestUtil" finished-at="2022-07-18T09:50:15Z" duration-ms="5940">
    <groups>
    </groups>
    <test started-at="2022-07-18T09:50:09Z" name="Command line test" finished-at="2022-07-18T09:50:15Z" duration-ms="5940">
      <class name="Utilities.TestUtil">
        <test-method is-config="true" signature="startTesting()[pri:0, instance:Utilities.TestUtil@491666ad]" started-at="2022-07-18T09:50:08Z" name="startTesting" finished-at="2022-07-18T09:50:09Z" duration-ms="871" status="PASS">
          <reporter-output>
          </reporter-output>
        </test-method> <!-- startTesting -->
        <test-method signature="Keywords()[pri:0, instance:Utilities.TestUtil@491666ad]" started-at="2022-07-18T09:50:09Z" name="Keywords" finished-at="2022-07-18T09:50:15Z" duration-ms="5912" status="PASS">
          <reporter-output>
          </reporter-output>
        </test-method> <!-- Keywords -->
        <test-method is-config="true" signature="endScript()[pri:0, instance:Utilities.TestUtil@491666ad]" started-at="2022-07-18T09:50:15Z" name="endScript" finished-at="2022-07-18T09:50:15Z" duration-ms="85" status="PASS">
          <reporter-output>
          </reporter-output>
        </test-method> <!-- endScript -->
      </class> <!-- Utilities.TestUtil -->
    </test> <!-- Command line test -->
  </suite> <!-- Utilities.TestUtil -->
</testng-results>
