<?xml version="1.0" encoding="UTF-8"?>
<!-- Generated by org.testng.reporters.JUnitXMLReporter -->
<testsuite ignored="0" hostname="AI1003" failures="1" tests="1" name="Command line test" time="5.735" errors="0" timestamp="22 Jul 2022 07:34:28 GMT">
  <testcase classname="Test_Scripts.Hybrid_Framework" name="Keywords" time="5.714">
    <failure type="java.lang.AssertionError" message="null">
      <![CDATA[java.lang.AssertionError: null
at Test_Scripts.Hybrid_Framework.Keywords(Hybrid_Framework.java:412)
at Test_Scripts.Mainclass.main(Mainclass.java:9)
... Removed 24 stack frames]]>
    </failure>
  </testcase> <!-- Keywords -->
</testsuite> <!-- Command line test -->
