<?xml version="1.0" encoding="UTF-8"?>
<!-- Generated by org.testng.reporters.JUnitXMLReporter -->
<testsuite ignored="0" hostname="AI1003" failures="1" tests="1" name="Command line test" time="6.033" errors="0" timestamp="21 Jul 2022 12:55:57 GMT">
  <testcase classname="Test_Scripts.Hybrid_Framework" name="Keywords" time="6.007">
    <failure type="java.lang.NullPointerException" message="Cannot invoke &amp;quot;String.startsWith(String)&amp;quot; because &amp;quot;Test_Scripts.Hybrid_Framework.testStatus&amp;quot; is null">
      <![CDATA[java.lang.NullPointerException: Cannot invoke "String.startsWith(String)" because "Test_Scripts.Hybrid_Framework.testStatus" is null
at Test_Scripts.Hybrid_Framework.Keywords(Hybrid_Framework.java:407)
... Removed 34 stack frames]]>
    </failure>
  </testcase> <!-- Keywords -->
</testsuite> <!-- Command line test -->
