<?xml version="1.0" encoding="UTF-8"?>
<!-- Generated by org.testng.reporters.JUnitXMLReporter -->
<testsuite ignored="0" hostname="AI1003" failures="1" tests="1" name="Command line test" time="5.535" errors="0" timestamp="22 Jul 2022 07:50:49 GMT">
  <testcase classname="Test_Scripts.Hybrid_Framework" name="Keywords" time="5.519">
    <failure type="java.lang.AssertionError" message="null">
      <![CDATA[java.lang.AssertionError: null
at Test_Scripts.Hybrid_Framework.Keywords(Hybrid_Framework.java:412)
... Removed 36 stack frames]]>
    </failure>
  </testcase> <!-- Keywords -->
</testsuite> <!-- Command line test -->
